

================================================================
== Vitis HLS Report for 'load_weight_S0_Pipeline_VITIS_LOOP_181_1_VITIS_LOOP_182_2_VITIS_LOOP_183_3_VITIS'
================================================================
* Date:           Thu May 22 18:56:38 2025

* Version:        2023.2 (Build 4023990 on Oct 11 2023)
* Project:        cnn.prj
* Solution:       solution (Vitis Kernel Flow Target)
* Product family: virtexuplus
* Target device:  xcu200-fsgd2104-2-e


================================================================
== Performance Estimates
================================================================
+ Timing: 
    * Summary: 
    +--------+---------+----------+------------+
    |  Clock |  Target | Estimated| Uncertainty|
    +--------+---------+----------+------------+
    |ap_clk  |  4.00 ns|  2.920 ns|     1.08 ns|
    +--------+---------+----------+------------+

+ Latency: 
    * Summary: 
    +---------+---------+----------+----------+--------+--------+---------+
    |  Latency (cycles) |  Latency (absolute) |     Interval    | Pipeline|
    |   min   |   max   |    min   |    max   |   min  |   max  |   Type  |
    +---------+---------+----------+----------+--------+--------+---------+
    |   102403|   102403|  0.410 ms|  0.410 ms|  102403|  102403|       no|
    +---------+---------+----------+----------+--------+--------+---------+

    + Detail: 
        * Instance: 
        N/A

        * Loop: 
        +-----------------------------------------------------------------------+---------+---------+----------+-----------+-----------+--------+----------+
        |                                                                       |  Latency (cycles) | Iteration|  Initiation Interval  |  Trip  |          |
        |                               Loop Name                               |   min   |   max   |  Latency |  achieved |   target  |  Count | Pipelined|
        +-----------------------------------------------------------------------+---------+---------+----------+-----------+-----------+--------+----------+
        |- VITIS_LOOP_181_1_VITIS_LOOP_182_2_VITIS_LOOP_183_3_VITIS_LOOP_184_4  |   102401|   102401|         3|          1|          1|  102400|       yes|
        +-----------------------------------------------------------------------+---------+---------+----------+-----------+-----------+--------+----------+



================================================================
== Utilization Estimates
================================================================
* Summary: 
+---------------------+---------+------+---------+---------+-----+
|         Name        | BRAM_18K|  DSP |    FF   |   LUT   | URAM|
+---------------------+---------+------+---------+---------+-----+
|DSP                  |        -|     -|        -|        -|    -|
|Expression           |        -|     -|        0|      269|    -|
|FIFO                 |        -|     -|        -|        -|    -|
|Instance             |        -|     -|        -|        -|    -|
|Memory               |        -|     -|        -|        -|    -|
|Multiplexer          |        -|     -|        -|      108|    -|
|Register             |        -|     -|      114|        -|    -|
+---------------------+---------+------+---------+---------+-----+
|Total                |        0|     0|      114|      377|    0|
+---------------------+---------+------+---------+---------+-----+
|Available SLR        |     1440|  2280|   788160|   394080|  320|
+---------------------+---------+------+---------+---------+-----+
|Utilization SLR (%)  |        0|     0|       ~0|       ~0|    0|
+---------------------+---------+------+---------+---------+-----+
|Available            |     4320|  6840|  2364480|  1182240|  960|
+---------------------+---------+------+---------+---------+-----+
|Utilization (%)      |        0|     0|       ~0|       ~0|    0|
+---------------------+---------+------+---------+---------+-----+

+ Detail: 
    * Instance: 
    N/A

    * DSP: 
    N/A

    * Memory: 
    N/A

    * FIFO: 
    N/A

    * Expression: 
    +----------------------------------+----------+----+---+----+------------+------------+
    |           Variable Name          | Operation| DSP| FF| LUT| Bitwidth P0| Bitwidth P1|
    +----------------------------------+----------+----+---+----+------------+------------+
    |add_ln181_1_fu_604_p2             |         +|   0|  0|  12|           5|           1|
    |add_ln181_fu_547_p2               |         +|   0|  0|  24|          17|           1|
    |add_ln182_1_fu_559_p2             |         +|   0|  0|  21|          14|           1|
    |add_ln182_fu_651_p2               |         +|   0|  0|  16|           9|           1|
    |add_ln183_1_fu_762_p2             |         +|   0|  0|  13|           6|           1|
    |add_ln183_fu_701_p2               |         +|   0|  0|  10|           3|           1|
    |add_ln184_fu_756_p2               |         +|   0|  0|  10|           3|           1|
    |empty_fu_746_p2                   |         +|   0|  0|  19|          12|          12|
    |and_ln181_1_fu_634_p2             |       and|   0|  0|   2|           1|           1|
    |and_ln181_fu_681_p2               |       and|   0|  0|   2|           1|           1|
    |and_ln182_fu_687_p2               |       and|   0|  0|   2|           1|           1|
    |ap_block_pp0_stage0_11001         |       and|   0|  0|   2|           1|           1|
    |ap_block_state2_pp0_stage0_iter1  |       and|   0|  0|   2|           1|           1|
    |icmp_ln181_fu_541_p2              |      icmp|   0|  0|  24|          17|          16|
    |icmp_ln182_fu_553_p2              |      icmp|   0|  0|  21|          14|          13|
    |icmp_ln183_fu_628_p2              |      icmp|   0|  0|  13|           6|           5|
    |icmp_ln184_fu_622_p2              |      icmp|   0|  0|  10|           3|           3|
    |or_ln182_1_fu_676_p2              |        or|   0|  0|   2|           1|           1|
    |or_ln182_fu_657_p2                |        or|   0|  0|   2|           1|           1|
    |or_ln183_1_fu_713_p2              |        or|   0|  0|   2|           1|           1|
    |or_ln183_fu_707_p2                |        or|   0|  0|   2|           1|           1|
    |select_ln181_1_fu_640_p3          |    select|   0|  0|   5|           1|           5|
    |select_ln181_fu_610_p3            |    select|   0|  0|   9|           1|           1|
    |select_ln182_1_fu_693_p3          |    select|   0|  0|   9|           1|           9|
    |select_ln182_2_fu_565_p3          |    select|   0|  0|  14|           1|           1|
    |select_ln182_fu_662_p3            |    select|   0|  0|   3|           1|           1|
    |select_ln183_1_fu_726_p3          |    select|   0|  0|   3|           1|           3|
    |select_ln183_2_fu_768_p3          |    select|   0|  0|   6|           1|           1|
    |select_ln183_fu_718_p3            |    select|   0|  0|   3|           1|           1|
    |ap_enable_pp0                     |       xor|   0|  0|   2|           1|           2|
    |xor_ln181_fu_617_p2               |       xor|   0|  0|   2|           1|           2|
    |xor_ln182_fu_670_p2               |       xor|   0|  0|   2|           1|           2|
    +----------------------------------+----------+----+---+----+------------+------------+
    |Total                             |          |   0|  0| 269|         129|          93|
    +----------------------------------+----------+----+---+----+------------+------------+

    * Multiplexer: 
    +----------------------------------------+----+-----------+-----+-----------+
    |                  Name                  | LUT| Input Size| Bits| Total Bits|
    +----------------------------------------+----+-----------+-----+-----------+
    |ap_done_int                             |   9|          2|    1|          2|
    |ap_enable_reg_pp0_iter2                 |   9|          2|    1|          2|
    |ap_sig_allocacmp_indvar_flatten12_load  |   9|          2|   14|         28|
    |ap_sig_allocacmp_indvar_flatten34_load  |   9|          2|   17|         34|
    |i0_fu_152                               |   9|          2|    5|         10|
    |i1_fu_144                               |   9|          2|    9|         18|
    |i2_fu_136                               |   9|          2|    3|          6|
    |i3_fu_132                               |   9|          2|    3|          6|
    |indvar_flatten12_fu_148                 |   9|          2|   14|         28|
    |indvar_flatten34_fu_156                 |   9|          2|   17|         34|
    |indvar_flatten_fu_140                   |   9|          2|    6|         12|
    |kernel_weight_blk_n_R                   |   9|          2|    1|          2|
    +----------------------------------------+----+-----------+-----+-----------+
    |Total                                   | 108|         24|   91|        182|
    +----------------------------------------+----+-----------+-----+-----------+

    * Register: 
    +----------------------------------+----+----+-----+-----------+
    |               Name               | FF | LUT| Bits| Const Bits|
    +----------------------------------+----+----+-----+-----------+
    |ap_CS_fsm                         |   1|   0|    1|          0|
    |ap_done_reg                       |   1|   0|    1|          0|
    |ap_enable_reg_pp0_iter1           |   1|   0|    1|          0|
    |ap_enable_reg_pp0_iter2           |   1|   0|    1|          0|
    |ap_loop_exit_ready_pp0_iter1_reg  |   1|   0|    1|          0|
    |bitcast_ln198_reg_910             |  32|   0|   32|          0|
    |empty_reg_905                     |  12|   0|   12|          0|
    |i0_fu_152                         |   5|   0|    5|          0|
    |i1_fu_144                         |   9|   0|    9|          0|
    |i2_fu_136                         |   3|   0|    3|          0|
    |i3_fu_132                         |   3|   0|    3|          0|
    |icmp_ln181_reg_883                |   1|   0|    1|          0|
    |icmp_ln182_reg_887                |   1|   0|    1|          0|
    |indvar_flatten12_fu_148           |  14|   0|   14|          0|
    |indvar_flatten34_fu_156           |  17|   0|   17|          0|
    |indvar_flatten_fu_140             |   6|   0|    6|          0|
    |select_ln183_1_reg_901            |   3|   0|    3|          0|
    |select_ln183_reg_897              |   3|   0|    3|          0|
    +----------------------------------+----+----+-----+-----------+
    |Total                             | 114|   0|  114|          0|
    +----------------------------------+----+----+-----+-----------+



================================================================
== Interface
================================================================
* Summary: 
+------------------------------+-----+-----+------------+----------------------------------------------------------------------------------+--------------+
|           RTL Ports          | Dir | Bits|  Protocol  |                                   Source Object                                  |    C Type    |
+------------------------------+-----+-----+------------+----------------------------------------------------------------------------------+--------------+
|ap_clk                        |   in|    1|  ap_ctrl_hs|  load_weight_S0_Pipeline_VITIS_LOOP_181_1_VITIS_LOOP_182_2_VITIS_LOOP_183_3_VITIS|  return value|
|ap_rst                        |   in|    1|  ap_ctrl_hs|  load_weight_S0_Pipeline_VITIS_LOOP_181_1_VITIS_LOOP_182_2_VITIS_LOOP_183_3_VITIS|  return value|
|ap_start                      |   in|    1|  ap_ctrl_hs|  load_weight_S0_Pipeline_VITIS_LOOP_181_1_VITIS_LOOP_182_2_VITIS_LOOP_183_3_VITIS|  return value|
|ap_done                       |  out|    1|  ap_ctrl_hs|  load_weight_S0_Pipeline_VITIS_LOOP_181_1_VITIS_LOOP_182_2_VITIS_LOOP_183_3_VITIS|  return value|
|ap_idle                       |  out|    1|  ap_ctrl_hs|  load_weight_S0_Pipeline_VITIS_LOOP_181_1_VITIS_LOOP_182_2_VITIS_LOOP_183_3_VITIS|  return value|
|ap_ready                      |  out|    1|  ap_ctrl_hs|  load_weight_S0_Pipeline_VITIS_LOOP_181_1_VITIS_LOOP_182_2_VITIS_LOOP_183_3_VITIS|  return value|
|m_axi_kernel_weight_AWVALID   |  out|    1|       m_axi|                                                                     kernel_weight|       pointer|
|m_axi_kernel_weight_AWREADY   |   in|    1|       m_axi|                                                                     kernel_weight|       pointer|
|m_axi_kernel_weight_AWADDR    |  out|   64|       m_axi|                                                                     kernel_weight|       pointer|
|m_axi_kernel_weight_AWID      |  out|    1|       m_axi|                                                                     kernel_weight|       pointer|
|m_axi_kernel_weight_AWLEN     |  out|   32|       m_axi|                                                                     kernel_weight|       pointer|
|m_axi_kernel_weight_AWSIZE    |  out|    3|       m_axi|                                                                     kernel_weight|       pointer|
|m_axi_kernel_weight_AWBURST   |  out|    2|       m_axi|                                                                     kernel_weight|       pointer|
|m_axi_kernel_weight_AWLOCK    |  out|    2|       m_axi|                                                                     kernel_weight|       pointer|
|m_axi_kernel_weight_AWCACHE   |  out|    4|       m_axi|                                                                     kernel_weight|       pointer|
|m_axi_kernel_weight_AWPROT    |  out|    3|       m_axi|                                                                     kernel_weight|       pointer|
|m_axi_kernel_weight_AWQOS     |  out|    4|       m_axi|                                                                     kernel_weight|       pointer|
|m_axi_kernel_weight_AWREGION  |  out|    4|       m_axi|                                                                     kernel_weight|       pointer|
|m_axi_kernel_weight_AWUSER    |  out|    1|       m_axi|                                                                     kernel_weight|       pointer|
|m_axi_kernel_weight_WVALID    |  out|    1|       m_axi|                                                                     kernel_weight|       pointer|
|m_axi_kernel_weight_WREADY    |   in|    1|       m_axi|                                                                     kernel_weight|       pointer|
|m_axi_kernel_weight_WDATA     |  out|   32|       m_axi|                                                                     kernel_weight|       pointer|
|m_axi_kernel_weight_WSTRB     |  out|    4|       m_axi|                                                                     kernel_weight|       pointer|
|m_axi_kernel_weight_WLAST     |  out|    1|       m_axi|                                                                     kernel_weight|       pointer|
|m_axi_kernel_weight_WID       |  out|    1|       m_axi|                                                                     kernel_weight|       pointer|
|m_axi_kernel_weight_WUSER     |  out|    1|       m_axi|                                                                     kernel_weight|       pointer|
|m_axi_kernel_weight_ARVALID   |  out|    1|       m_axi|                                                                     kernel_weight|       pointer|
|m_axi_kernel_weight_ARREADY   |   in|    1|       m_axi|                                                                     kernel_weight|       pointer|
|m_axi_kernel_weight_ARADDR    |  out|   64|       m_axi|                                                                     kernel_weight|       pointer|
|m_axi_kernel_weight_ARID      |  out|    1|       m_axi|                                                                     kernel_weight|       pointer|
|m_axi_kernel_weight_ARLEN     |  out|   32|       m_axi|                                                                     kernel_weight|       pointer|
|m_axi_kernel_weight_ARSIZE    |  out|    3|       m_axi|                                                                     kernel_weight|       pointer|
|m_axi_kernel_weight_ARBURST   |  out|    2|       m_axi|                                                                     kernel_weight|       pointer|
|m_axi_kernel_weight_ARLOCK    |  out|    2|       m_axi|                                                                     kernel_weight|       pointer|
|m_axi_kernel_weight_ARCACHE   |  out|    4|       m_axi|                                                                     kernel_weight|       pointer|
|m_axi_kernel_weight_ARPROT    |  out|    3|       m_axi|                                                                     kernel_weight|       pointer|
|m_axi_kernel_weight_ARQOS     |  out|    4|       m_axi|                                                                     kernel_weight|       pointer|
|m_axi_kernel_weight_ARREGION  |  out|    4|       m_axi|                                                                     kernel_weight|       pointer|
|m_axi_kernel_weight_ARUSER    |  out|    1|       m_axi|                                                                     kernel_weight|       pointer|
|m_axi_kernel_weight_RVALID    |   in|    1|       m_axi|                                                                     kernel_weight|       pointer|
|m_axi_kernel_weight_RREADY    |  out|    1|       m_axi|                                                                     kernel_weight|       pointer|
|m_axi_kernel_weight_RDATA     |   in|   32|       m_axi|                                                                     kernel_weight|       pointer|
|m_axi_kernel_weight_RLAST     |   in|    1|       m_axi|                                                                     kernel_weight|       pointer|
|m_axi_kernel_weight_RID       |   in|    1|       m_axi|                                                                     kernel_weight|       pointer|
|m_axi_kernel_weight_RFIFONUM  |   in|    9|       m_axi|                                                                     kernel_weight|       pointer|
|m_axi_kernel_weight_RUSER     |   in|    1|       m_axi|                                                                     kernel_weight|       pointer|
|m_axi_kernel_weight_RRESP     |   in|    2|       m_axi|                                                                     kernel_weight|       pointer|
|m_axi_kernel_weight_BVALID    |   in|    1|       m_axi|                                                                     kernel_weight|       pointer|
|m_axi_kernel_weight_BREADY    |  out|    1|       m_axi|                                                                     kernel_weight|       pointer|
|m_axi_kernel_weight_BRESP     |   in|    2|       m_axi|                                                                     kernel_weight|       pointer|
|m_axi_kernel_weight_BID       |   in|    1|       m_axi|                                                                     kernel_weight|       pointer|
|m_axi_kernel_weight_BUSER     |   in|    1|       m_axi|                                                                     kernel_weight|       pointer|
|sext_ln181                    |   in|   62|     ap_none|                                                                        sext_ln181|        scalar|
|weight_0_0_address0           |  out|   12|   ap_memory|                                                                        weight_0_0|         array|
|weight_0_0_ce0                |  out|    1|   ap_memory|                                                                        weight_0_0|         array|
|weight_0_0_we0                |  out|    1|   ap_memory|                                                                        weight_0_0|         array|
|weight_0_0_d0                 |  out|   32|   ap_memory|                                                                        weight_0_0|         array|
|weight_0_1_address0           |  out|   12|   ap_memory|                                                                        weight_0_1|         array|
|weight_0_1_ce0                |  out|    1|   ap_memory|                                                                        weight_0_1|         array|
|weight_0_1_we0                |  out|    1|   ap_memory|                                                                        weight_0_1|         array|
|weight_0_1_d0                 |  out|   32|   ap_memory|                                                                        weight_0_1|         array|
|weight_0_2_address0           |  out|   12|   ap_memory|                                                                        weight_0_2|         array|
|weight_0_2_ce0                |  out|    1|   ap_memory|                                                                        weight_0_2|         array|
|weight_0_2_we0                |  out|    1|   ap_memory|                                                                        weight_0_2|         array|
|weight_0_2_d0                 |  out|   32|   ap_memory|                                                                        weight_0_2|         array|
|weight_0_3_address0           |  out|   12|   ap_memory|                                                                        weight_0_3|         array|
|weight_0_3_ce0                |  out|    1|   ap_memory|                                                                        weight_0_3|         array|
|weight_0_3_we0                |  out|    1|   ap_memory|                                                                        weight_0_3|         array|
|weight_0_3_d0                 |  out|   32|   ap_memory|                                                                        weight_0_3|         array|
|weight_0_4_address0           |  out|   12|   ap_memory|                                                                        weight_0_4|         array|
|weight_0_4_ce0                |  out|    1|   ap_memory|                                                                        weight_0_4|         array|
|weight_0_4_we0                |  out|    1|   ap_memory|                                                                        weight_0_4|         array|
|weight_0_4_d0                 |  out|   32|   ap_memory|                                                                        weight_0_4|         array|
|weight_1_0_address0           |  out|   12|   ap_memory|                                                                        weight_1_0|         array|
|weight_1_0_ce0                |  out|    1|   ap_memory|                                                                        weight_1_0|         array|
|weight_1_0_we0                |  out|    1|   ap_memory|                                                                        weight_1_0|         array|
|weight_1_0_d0                 |  out|   32|   ap_memory|                                                                        weight_1_0|         array|
|weight_1_1_address0           |  out|   12|   ap_memory|                                                                        weight_1_1|         array|
|weight_1_1_ce0                |  out|    1|   ap_memory|                                                                        weight_1_1|         array|
|weight_1_1_we0                |  out|    1|   ap_memory|                                                                        weight_1_1|         array|
|weight_1_1_d0                 |  out|   32|   ap_memory|                                                                        weight_1_1|         array|
|weight_1_2_address0           |  out|   12|   ap_memory|                                                                        weight_1_2|         array|
|weight_1_2_ce0                |  out|    1|   ap_memory|                                                                        weight_1_2|         array|
|weight_1_2_we0                |  out|    1|   ap_memory|                                                                        weight_1_2|         array|
|weight_1_2_d0                 |  out|   32|   ap_memory|                                                                        weight_1_2|         array|
|weight_1_3_address0           |  out|   12|   ap_memory|                                                                        weight_1_3|         array|
|weight_1_3_ce0                |  out|    1|   ap_memory|                                                                        weight_1_3|         array|
|weight_1_3_we0                |  out|    1|   ap_memory|                                                                        weight_1_3|         array|
|weight_1_3_d0                 |  out|   32|   ap_memory|                                                                        weight_1_3|         array|
|weight_1_4_address0           |  out|   12|   ap_memory|                                                                        weight_1_4|         array|
|weight_1_4_ce0                |  out|    1|   ap_memory|                                                                        weight_1_4|         array|
|weight_1_4_we0                |  out|    1|   ap_memory|                                                                        weight_1_4|         array|
|weight_1_4_d0                 |  out|   32|   ap_memory|                                                                        weight_1_4|         array|
|weight_2_0_address0           |  out|   12|   ap_memory|                                                                        weight_2_0|         array|
|weight_2_0_ce0                |  out|    1|   ap_memory|                                                                        weight_2_0|         array|
|weight_2_0_we0                |  out|    1|   ap_memory|                                                                        weight_2_0|         array|
|weight_2_0_d0                 |  out|   32|   ap_memory|                                                                        weight_2_0|         array|
|weight_2_1_address0           |  out|   12|   ap_memory|                                                                        weight_2_1|         array|
|weight_2_1_ce0                |  out|    1|   ap_memory|                                                                        weight_2_1|         array|
|weight_2_1_we0                |  out|    1|   ap_memory|                                                                        weight_2_1|         array|
|weight_2_1_d0                 |  out|   32|   ap_memory|                                                                        weight_2_1|         array|
|weight_2_2_address0           |  out|   12|   ap_memory|                                                                        weight_2_2|         array|
|weight_2_2_ce0                |  out|    1|   ap_memory|                                                                        weight_2_2|         array|
|weight_2_2_we0                |  out|    1|   ap_memory|                                                                        weight_2_2|         array|
|weight_2_2_d0                 |  out|   32|   ap_memory|                                                                        weight_2_2|         array|
|weight_2_3_address0           |  out|   12|   ap_memory|                                                                        weight_2_3|         array|
|weight_2_3_ce0                |  out|    1|   ap_memory|                                                                        weight_2_3|         array|
|weight_2_3_we0                |  out|    1|   ap_memory|                                                                        weight_2_3|         array|
|weight_2_3_d0                 |  out|   32|   ap_memory|                                                                        weight_2_3|         array|
|weight_2_4_address0           |  out|   12|   ap_memory|                                                                        weight_2_4|         array|
|weight_2_4_ce0                |  out|    1|   ap_memory|                                                                        weight_2_4|         array|
|weight_2_4_we0                |  out|    1|   ap_memory|                                                                        weight_2_4|         array|
|weight_2_4_d0                 |  out|   32|   ap_memory|                                                                        weight_2_4|         array|
|weight_3_0_address0           |  out|   12|   ap_memory|                                                                        weight_3_0|         array|
|weight_3_0_ce0                |  out|    1|   ap_memory|                                                                        weight_3_0|         array|
|weight_3_0_we0                |  out|    1|   ap_memory|                                                                        weight_3_0|         array|
|weight_3_0_d0                 |  out|   32|   ap_memory|                                                                        weight_3_0|         array|
|weight_3_1_address0           |  out|   12|   ap_memory|                                                                        weight_3_1|         array|
|weight_3_1_ce0                |  out|    1|   ap_memory|                                                                        weight_3_1|         array|
|weight_3_1_we0                |  out|    1|   ap_memory|                                                                        weight_3_1|         array|
|weight_3_1_d0                 |  out|   32|   ap_memory|                                                                        weight_3_1|         array|
|weight_3_2_address0           |  out|   12|   ap_memory|                                                                        weight_3_2|         array|
|weight_3_2_ce0                |  out|    1|   ap_memory|                                                                        weight_3_2|         array|
|weight_3_2_we0                |  out|    1|   ap_memory|                                                                        weight_3_2|         array|
|weight_3_2_d0                 |  out|   32|   ap_memory|                                                                        weight_3_2|         array|
|weight_3_3_address0           |  out|   12|   ap_memory|                                                                        weight_3_3|         array|
|weight_3_3_ce0                |  out|    1|   ap_memory|                                                                        weight_3_3|         array|
|weight_3_3_we0                |  out|    1|   ap_memory|                                                                        weight_3_3|         array|
|weight_3_3_d0                 |  out|   32|   ap_memory|                                                                        weight_3_3|         array|
|weight_3_4_address0           |  out|   12|   ap_memory|                                                                        weight_3_4|         array|
|weight_3_4_ce0                |  out|    1|   ap_memory|                                                                        weight_3_4|         array|
|weight_3_4_we0                |  out|    1|   ap_memory|                                                                        weight_3_4|         array|
|weight_3_4_d0                 |  out|   32|   ap_memory|                                                                        weight_3_4|         array|
|weight_4_0_address0           |  out|   12|   ap_memory|                                                                        weight_4_0|         array|
|weight_4_0_ce0                |  out|    1|   ap_memory|                                                                        weight_4_0|         array|
|weight_4_0_we0                |  out|    1|   ap_memory|                                                                        weight_4_0|         array|
|weight_4_0_d0                 |  out|   32|   ap_memory|                                                                        weight_4_0|         array|
|weight_4_1_address0           |  out|   12|   ap_memory|                                                                        weight_4_1|         array|
|weight_4_1_ce0                |  out|    1|   ap_memory|                                                                        weight_4_1|         array|
|weight_4_1_we0                |  out|    1|   ap_memory|                                                                        weight_4_1|         array|
|weight_4_1_d0                 |  out|   32|   ap_memory|                                                                        weight_4_1|         array|
|weight_4_2_address0           |  out|   12|   ap_memory|                                                                        weight_4_2|         array|
|weight_4_2_ce0                |  out|    1|   ap_memory|                                                                        weight_4_2|         array|
|weight_4_2_we0                |  out|    1|   ap_memory|                                                                        weight_4_2|         array|
|weight_4_2_d0                 |  out|   32|   ap_memory|                                                                        weight_4_2|         array|
|weight_4_3_address0           |  out|   12|   ap_memory|                                                                        weight_4_3|         array|
|weight_4_3_ce0                |  out|    1|   ap_memory|                                                                        weight_4_3|         array|
|weight_4_3_we0                |  out|    1|   ap_memory|                                                                        weight_4_3|         array|
|weight_4_3_d0                 |  out|   32|   ap_memory|                                                                        weight_4_3|         array|
|weight_4_4_address0           |  out|   12|   ap_memory|                                                                        weight_4_4|         array|
|weight_4_4_ce0                |  out|    1|   ap_memory|                                                                        weight_4_4|         array|
|weight_4_4_we0                |  out|    1|   ap_memory|                                                                        weight_4_4|         array|
|weight_4_4_d0                 |  out|   32|   ap_memory|                                                                        weight_4_4|         array|
+------------------------------+-----+-----+------------+----------------------------------------------------------------------------------+--------------+

