/home/ubuntu/CS133_Lab4/cnn.prj/solution/.autopilot/db/cnn.pp.0.cpp:1314:7: warning: Added loop label VITIS_LOOP_1207_1:   [xilinx-label-all-loops]
      for (i = 0; i < __N - 1; ++i) {
      ^~~
      VITIS_LOOP_1207_1: 
/home/ubuntu/CS133_Lab4/cnn.prj/solution/.autopilot/db/cnn.pp.0.cpp:1314:7: note: FIX-IT applied suggested code changes
/home/ubuntu/CS133_Lab4/cnn.prj/solution/.autopilot/db/cnn.pp.0.cpp:2288:5: warning: Added loop label VITIS_LOOP_676_1:   [xilinx-label-all-loops]
    for (unsigned i = low; i != high; ++i) {
    ^~~
    VITIS_LOOP_676_1: 
/home/ubuntu/CS133_Lab4/cnn.prj/solution/.autopilot/db/cnn.pp.0.cpp:2288:5: note: FIX-IT applied suggested code changes
/home/ubuntu/CS133_Lab4/cnn.prj/solution/.autopilot/db/cnn.pp.0.cpp:2302:5: warning: Added loop label VITIS_LOOP_690_1:   [xilinx-label-all-loops]
    for (unsigned i = low; i != high; ++i) {
    ^~~
    VITIS_LOOP_690_1: 
/home/ubuntu/CS133_Lab4/cnn.prj/solution/.autopilot/db/cnn.pp.0.cpp:2302:5: note: FIX-IT applied suggested code changes
/home/ubuntu/CS133_Lab4/cnn.prj/solution/.autopilot/db/cnn.pp.0.cpp:2316:5: warning: Added loop label VITIS_LOOP_704_1:   [xilinx-label-all-loops]
    for (unsigned i = low; i != high; ++i) {
    ^~~
    VITIS_LOOP_704_1: 
/home/ubuntu/CS133_Lab4/cnn.prj/solution/.autopilot/db/cnn.pp.0.cpp:2316:5: note: FIX-IT applied suggested code changes
/home/ubuntu/CS133_Lab4/cnn.prj/solution/.autopilot/db/cnn.pp.0.cpp:3945:7: warning: Added loop label VITIS_LOOP_1247_1:   [xilinx-label-all-loops]
      for (i = 0; i < __N - 1; ++i) {
      ^~~
      VITIS_LOOP_1247_1: 
/home/ubuntu/CS133_Lab4/cnn.prj/solution/.autopilot/db/cnn.pp.0.cpp:3945:7: note: FIX-IT applied suggested code changes
/home/ubuntu/CS133_Lab4/cnn.prj/solution/.autopilot/db/cnn.pp.0.cpp:26639:5: warning: Added loop label VITIS_LOOP_127_1:   [xilinx-label-all-loops]
    for (size_t i = 0; i < N; ++i) {
    ^~~
    VITIS_LOOP_127_1: 
/home/ubuntu/CS133_Lab4/cnn.prj/solution/.autopilot/db/cnn.pp.0.cpp:26639:5: note: FIX-IT applied suggested code changes
/home/ubuntu/CS133_Lab4/cnn.prj/solution/.autopilot/db/cnn.pp.0.cpp:26655:5: warning: Added loop label VITIS_LOOP_143_1:   [xilinx-label-all-loops]
    for (size_t i = 0; i < N; ++i) {
    ^~~
    VITIS_LOOP_143_1: 
/home/ubuntu/CS133_Lab4/cnn.prj/solution/.autopilot/db/cnn.pp.0.cpp:26655:5: note: FIX-IT applied suggested code changes
/home/ubuntu/CS133_Lab4/cnn.prj/solution/.autopilot/db/cnn.pp.0.cpp:26671:75: warning: Added loop label VITIS_LOOP_169_1:   [xilinx-label-all-loops]
  inline __attribute__((always_inline)) vector &operator ++() { pragma(); for (size_t i = 0; i < N; ++i) {
                                                                          ^~~
                                                                          VITIS_LOOP_169_1: 
/home/ubuntu/CS133_Lab4/cnn.prj/solution/.autopilot/db/cnn.pp.0.cpp:26671:75: note: FIX-IT applied suggested code changes
/home/ubuntu/CS133_Lab4/cnn.prj/solution/.autopilot/db/cnn.pp.0.cpp:26676:75: warning: Added loop label VITIS_LOOP_170_1:   [xilinx-label-all-loops]
  inline __attribute__((always_inline)) vector &operator --() { pragma(); for (size_t i = 0; i < N; ++i) {
                                                                          ^~~
                                                                          VITIS_LOOP_170_1: 
/home/ubuntu/CS133_Lab4/cnn.prj/solution/.autopilot/db/cnn.pp.0.cpp:26676:75: note: FIX-IT applied suggested code changes
/home/ubuntu/CS133_Lab4/cnn.prj/solution/.autopilot/db/cnn.pp.0.cpp:26685:106: warning: Added loop label VITIS_LOOP_198_1:   [xilinx-label-all-loops]
  inline __attribute__((always_inline)) vector &operator +=(const vector &rhs) { pragma(); rhs.pragma(); for (size_t i = 0; i < N; ++i) {
                                                                                                         ^~~
                                                                                                         VITIS_LOOP_198_1: 
/home/ubuntu/CS133_Lab4/cnn.prj/solution/.autopilot/db/cnn.pp.0.cpp:26685:106: note: FIX-IT applied suggested code changes
/home/ubuntu/CS133_Lab4/cnn.prj/solution/.autopilot/db/cnn.pp.0.cpp:26690:106: warning: Added loop label VITIS_LOOP_199_1:   [xilinx-label-all-loops]
  inline __attribute__((always_inline)) vector &operator -=(const vector &rhs) { pragma(); rhs.pragma(); for (size_t i = 0; i < N; ++i) {
                                                                                                         ^~~
                                                                                                         VITIS_LOOP_199_1: 
/home/ubuntu/CS133_Lab4/cnn.prj/solution/.autopilot/db/cnn.pp.0.cpp:26690:106: note: FIX-IT applied suggested code changes
/home/ubuntu/CS133_Lab4/cnn.prj/solution/.autopilot/db/cnn.pp.0.cpp:26695:106: warning: Added loop label VITIS_LOOP_200_1:   [xilinx-label-all-loops]
  inline __attribute__((always_inline)) vector &operator *=(const vector &rhs) { pragma(); rhs.pragma(); for (size_t i = 0; i < N; ++i) {
                                                                                                         ^~~
                                                                                                         VITIS_LOOP_200_1: 
/home/ubuntu/CS133_Lab4/cnn.prj/solution/.autopilot/db/cnn.pp.0.cpp:26695:106: note: FIX-IT applied suggested code changes
/home/ubuntu/CS133_Lab4/cnn.prj/solution/.autopilot/db/cnn.pp.0.cpp:26700:106: warning: Added loop label VITIS_LOOP_201_1:   [xilinx-label-all-loops]
  inline __attribute__((always_inline)) vector &operator /=(const vector &rhs) { pragma(); rhs.pragma(); for (size_t i = 0; i < N; ++i) {
                                                                                                         ^~~
                                                                                                         VITIS_LOOP_201_1: 
/home/ubuntu/CS133_Lab4/cnn.prj/solution/.autopilot/db/cnn.pp.0.cpp:26700:106: note: FIX-IT applied suggested code changes
/home/ubuntu/CS133_Lab4/cnn.prj/solution/.autopilot/db/cnn.pp.0.cpp:26705:106: warning: Added loop label VITIS_LOOP_202_1:   [xilinx-label-all-loops]
  inline __attribute__((always_inline)) vector &operator %=(const vector &rhs) { pragma(); rhs.pragma(); for (size_t i = 0; i < N; ++i) {
                                                                                                         ^~~
                                                                                                         VITIS_LOOP_202_1: 
/home/ubuntu/CS133_Lab4/cnn.prj/solution/.autopilot/db/cnn.pp.0.cpp:26705:106: note: FIX-IT applied suggested code changes
/home/ubuntu/CS133_Lab4/cnn.prj/solution/.autopilot/db/cnn.pp.0.cpp:26710:106: warning: Added loop label VITIS_LOOP_203_1:   [xilinx-label-all-loops]
  inline __attribute__((always_inline)) vector &operator &=(const vector &rhs) { pragma(); rhs.pragma(); for (size_t i = 0; i < N; ++i) {
                                                                                                         ^~~
                                                                                                         VITIS_LOOP_203_1: 
/home/ubuntu/CS133_Lab4/cnn.prj/solution/.autopilot/db/cnn.pp.0.cpp:26710:106: note: FIX-IT applied suggested code changes
/home/ubuntu/CS133_Lab4/cnn.prj/solution/.autopilot/db/cnn.pp.0.cpp:26715:106: warning: Added loop label VITIS_LOOP_204_1:   [xilinx-label-all-loops]
  inline __attribute__((always_inline)) vector &operator |=(const vector &rhs) { pragma(); rhs.pragma(); for (size_t i = 0; i < N; ++i) {
                                                                                                         ^~~
                                                                                                         VITIS_LOOP_204_1: 
/home/ubuntu/CS133_Lab4/cnn.prj/solution/.autopilot/db/cnn.pp.0.cpp:26715:106: note: FIX-IT applied suggested code changes
/home/ubuntu/CS133_Lab4/cnn.prj/solution/.autopilot/db/cnn.pp.0.cpp:26720:106: warning: Added loop label VITIS_LOOP_205_1:   [xilinx-label-all-loops]
  inline __attribute__((always_inline)) vector &operator ^=(const vector &rhs) { pragma(); rhs.pragma(); for (size_t i = 0; i < N; ++i) {
                                                                                                         ^~~
                                                                                                         VITIS_LOOP_205_1: 
/home/ubuntu/CS133_Lab4/cnn.prj/solution/.autopilot/db/cnn.pp.0.cpp:26720:106: note: FIX-IT applied suggested code changes
/home/ubuntu/CS133_Lab4/cnn.prj/solution/.autopilot/db/cnn.pp.0.cpp:26725:107: warning: Added loop label VITIS_LOOP_206_1:   [xilinx-label-all-loops]
  inline __attribute__((always_inline)) vector &operator <<=(const vector &rhs) { pragma(); rhs.pragma(); for (size_t i = 0; i < N; ++i) {
                                                                                                          ^~~
                                                                                                          VITIS_LOOP_206_1: 
/home/ubuntu/CS133_Lab4/cnn.prj/solution/.autopilot/db/cnn.pp.0.cpp:26725:107: note: FIX-IT applied suggested code changes
/home/ubuntu/CS133_Lab4/cnn.prj/solution/.autopilot/db/cnn.pp.0.cpp:26730:107: warning: Added loop label VITIS_LOOP_207_1:   [xilinx-label-all-loops]
  inline __attribute__((always_inline)) vector &operator >>=(const vector &rhs) { pragma(); rhs.pragma(); for (size_t i = 0; i < N; ++i) {
                                                                                                          ^~~
                                                                                                          VITIS_LOOP_207_1: 
/home/ubuntu/CS133_Lab4/cnn.prj/solution/.autopilot/db/cnn.pp.0.cpp:26730:107: note: FIX-IT applied suggested code changes
/home/ubuntu/CS133_Lab4/cnn.prj/solution/.autopilot/db/cnn.pp.0.cpp:26736:91: warning: Added loop label VITIS_LOOP_222_1:   [xilinx-label-all-loops]
  inline __attribute__((always_inline)) T reduce_add() const { pragma(); T res = data[0]; for (size_t i = 1; i < N; ++i) {
                                                                                          ^~~
                                                                                          VITIS_LOOP_222_1: 
/home/ubuntu/CS133_Lab4/cnn.prj/solution/.autopilot/db/cnn.pp.0.cpp:26736:91: note: FIX-IT applied suggested code changes
/home/ubuntu/CS133_Lab4/cnn.prj/solution/.autopilot/db/cnn.pp.0.cpp:26741:92: warning: Added loop label VITIS_LOOP_223_1:   [xilinx-label-all-loops]
  inline __attribute__((always_inline)) T reduce_mult() const { pragma(); T res = data[0]; for (size_t i = 1; i < N; ++i) {
                                                                                           ^~~
                                                                                           VITIS_LOOP_223_1: 
/home/ubuntu/CS133_Lab4/cnn.prj/solution/.autopilot/db/cnn.pp.0.cpp:26741:92: note: FIX-IT applied suggested code changes
/home/ubuntu/CS133_Lab4/cnn.prj/solution/.autopilot/db/cnn.pp.0.cpp:26746:91: warning: Added loop label VITIS_LOOP_224_1:   [xilinx-label-all-loops]
  inline __attribute__((always_inline)) T reduce_and() const { pragma(); T res = data[0]; for (size_t i = 1; i < N; ++i) {
                                                                                          ^~~
                                                                                          VITIS_LOOP_224_1: 
/home/ubuntu/CS133_Lab4/cnn.prj/solution/.autopilot/db/cnn.pp.0.cpp:26746:91: note: FIX-IT applied suggested code changes
/home/ubuntu/CS133_Lab4/cnn.prj/solution/.autopilot/db/cnn.pp.0.cpp:26751:90: warning: Added loop label VITIS_LOOP_225_1:   [xilinx-label-all-loops]
  inline __attribute__((always_inline)) T reduce_or() const { pragma(); T res = data[0]; for (size_t i = 1; i < N; ++i) {
                                                                                         ^~~
                                                                                         VITIS_LOOP_225_1: 
/home/ubuntu/CS133_Lab4/cnn.prj/solution/.autopilot/db/cnn.pp.0.cpp:26751:90: note: FIX-IT applied suggested code changes
/home/ubuntu/CS133_Lab4/cnn.prj/solution/.autopilot/db/cnn.pp.0.cpp:26756:91: warning: Added loop label VITIS_LOOP_226_1:   [xilinx-label-all-loops]
  inline __attribute__((always_inline)) T reduce_xor() const { pragma(); T res = data[0]; for (size_t i = 1; i < N; ++i) {
                                                                                          ^~~
                                                                                          VITIS_LOOP_226_1: 
/home/ubuntu/CS133_Lab4/cnn.prj/solution/.autopilot/db/cnn.pp.0.cpp:26756:91: note: FIX-IT applied suggested code changes
/home/ubuntu/CS133_Lab4/cnn.prj/solution/.autopilot/db/cnn.pp.0.cpp:26762:132: warning: Added loop label VITIS_LOOP_256_1:   [xilinx-label-all-loops]
  inline __attribute__((always_inline)) friend bool operator <(const vector &lhs, const vector &rhs) { lhs.pragma(); rhs.pragma(); for (size_t i = 0; i < N; ++i) {
                                                                                                                                   ^~~
                                                                                                                                   VITIS_LOOP_256_1: 
/home/ubuntu/CS133_Lab4/cnn.prj/solution/.autopilot/db/cnn.pp.0.cpp:26762:132: note: FIX-IT applied suggested code changes
/home/ubuntu/CS133_Lab4/cnn.prj/solution/.autopilot/db/cnn.pp.0.cpp:26767:133: warning: Added loop label VITIS_LOOP_257_1:   [xilinx-label-all-loops]
  inline __attribute__((always_inline)) friend bool operator <=(const vector &lhs, const vector &rhs) { lhs.pragma(); rhs.pragma(); for (size_t i = 0; i < N; ++i) {
                                                                                                                                    ^~~
                                                                                                                                    VITIS_LOOP_257_1: 
/home/ubuntu/CS133_Lab4/cnn.prj/solution/.autopilot/db/cnn.pp.0.cpp:26767:133: note: FIX-IT applied suggested code changes
/home/ubuntu/CS133_Lab4/cnn.prj/solution/.autopilot/db/cnn.pp.0.cpp:26772:133: warning: Added loop label VITIS_LOOP_258_1:   [xilinx-label-all-loops]
  inline __attribute__((always_inline)) friend bool operator ==(const vector &lhs, const vector &rhs) { lhs.pragma(); rhs.pragma(); for (size_t i = 0; i < N; ++i) {
                                                                                                                                    ^~~
                                                                                                                                    VITIS_LOOP_258_1: 
/home/ubuntu/CS133_Lab4/cnn.prj/solution/.autopilot/db/cnn.pp.0.cpp:26772:133: note: FIX-IT applied suggested code changes
/home/ubuntu/CS133_Lab4/cnn.prj/solution/.autopilot/db/cnn.pp.0.cpp:26777:133: warning: Added loop label VITIS_LOOP_259_1:   [xilinx-label-all-loops]
  inline __attribute__((always_inline)) friend bool operator !=(const vector &lhs, const vector &rhs) { lhs.pragma(); rhs.pragma(); for (size_t i = 0; i < N; ++i) {
                                                                                                                                    ^~~
                                                                                                                                    VITIS_LOOP_259_1: 
/home/ubuntu/CS133_Lab4/cnn.prj/solution/.autopilot/db/cnn.pp.0.cpp:26777:133: note: FIX-IT applied suggested code changes
/home/ubuntu/CS133_Lab4/cnn.prj/solution/.autopilot/db/cnn.pp.0.cpp:26782:133: warning: Added loop label VITIS_LOOP_260_1:   [xilinx-label-all-loops]
  inline __attribute__((always_inline)) friend bool operator >=(const vector &lhs, const vector &rhs) { lhs.pragma(); rhs.pragma(); for (size_t i = 0; i < N; ++i) {
                                                                                                                                    ^~~
                                                                                                                                    VITIS_LOOP_260_1: 
/home/ubuntu/CS133_Lab4/cnn.prj/solution/.autopilot/db/cnn.pp.0.cpp:26782:133: note: FIX-IT applied suggested code changes
/home/ubuntu/CS133_Lab4/cnn.prj/solution/.autopilot/db/cnn.pp.0.cpp:26787:132: warning: Added loop label VITIS_LOOP_261_1:   [xilinx-label-all-loops]
  inline __attribute__((always_inline)) friend bool operator >(const vector &lhs, const vector &rhs) { lhs.pragma(); rhs.pragma(); for (size_t i = 0; i < N; ++i) {
                                                                                                                                   ^~~
                                                                                                                                   VITIS_LOOP_261_1: 
/home/ubuntu/CS133_Lab4/cnn.prj/solution/.autopilot/db/cnn.pp.0.cpp:26787:132: note: FIX-IT applied suggested code changes
/home/ubuntu/CS133_Lab4/cnn.prj/solution/.autopilot/db/cnn.pp.0.cpp:26835:2: warning: Added loop label VITIS_LOOP_57_1:   [xilinx-label-all-loops]
 for (int i0 = 0; i0 < 1; i0 += 1) {
 ^~~
 VITIS_LOOP_57_1: 
/home/ubuntu/CS133_Lab4/cnn.prj/solution/.autopilot/db/cnn.pp.0.cpp:26835:2: note: FIX-IT applied suggested code changes
/home/ubuntu/CS133_Lab4/cnn.prj/solution/.autopilot/db/cnn.pp.0.cpp:26836:5: warning: Added loop label VITIS_LOOP_58_2:   [xilinx-label-all-loops]
    for (int i1 = 0; i1 < 228; i1 += 1) {
    ^~~
    VITIS_LOOP_58_2: 
/home/ubuntu/CS133_Lab4/cnn.prj/solution/.autopilot/db/cnn.pp.0.cpp:26836:5: note: FIX-IT applied suggested code changes
/home/ubuntu/CS133_Lab4/cnn.prj/solution/.autopilot/db/cnn.pp.0.cpp:26837:7: warning: Added loop label VITIS_LOOP_59_3:   [xilinx-label-all-loops]
      for (int i2 = 0; i2 < 228; i2 += 4) {
      ^~~
      VITIS_LOOP_59_3: 
/home/ubuntu/CS133_Lab4/cnn.prj/solution/.autopilot/db/cnn.pp.0.cpp:26837:7: note: FIX-IT applied suggested code changes
/home/ubuntu/CS133_Lab4/cnn.prj/solution/.autopilot/db/cnn.pp.0.cpp:26875:2: warning: Added loop label VITIS_LOOP_112_1:   [xilinx-label-all-loops]
 for (int i0 = 0; i0 < 16; i0 += 1) {
 ^~~
 VITIS_LOOP_112_1: 
/home/ubuntu/CS133_Lab4/cnn.prj/solution/.autopilot/db/cnn.pp.0.cpp:26875:2: note: FIX-IT applied suggested code changes
/home/ubuntu/CS133_Lab4/cnn.prj/solution/.autopilot/db/cnn.pp.0.cpp:26876:5: warning: Added loop label VITIS_LOOP_113_2:   [xilinx-label-all-loops]
    for (int i1 = 0; i1 < 224; i1 += 1) {
    ^~~
    VITIS_LOOP_113_2: 
/home/ubuntu/CS133_Lab4/cnn.prj/solution/.autopilot/db/cnn.pp.0.cpp:26876:5: note: FIX-IT applied suggested code changes
/home/ubuntu/CS133_Lab4/cnn.prj/solution/.autopilot/db/cnn.pp.0.cpp:26877:7: warning: Added loop label VITIS_LOOP_114_3:   [xilinx-label-all-loops]
      for (int i2 = 0; i2 < 224; i2 += 16) {
      ^~~
      VITIS_LOOP_114_3: 
/home/ubuntu/CS133_Lab4/cnn.prj/solution/.autopilot/db/cnn.pp.0.cpp:26877:7: note: FIX-IT applied suggested code changes
/home/ubuntu/CS133_Lab4/cnn.prj/solution/.autopilot/db/cnn.pp.0.cpp:26922:2: warning: Added loop label VITIS_LOOP_181_1:   [xilinx-label-all-loops]
 for (int i0 = 0; i0 < 16; i0 += 1) {
 ^~~
 VITIS_LOOP_181_1: 
/home/ubuntu/CS133_Lab4/cnn.prj/solution/.autopilot/db/cnn.pp.0.cpp:26922:2: note: FIX-IT applied suggested code changes
/home/ubuntu/CS133_Lab4/cnn.prj/solution/.autopilot/db/cnn.pp.0.cpp:26923:5: warning: Added loop label VITIS_LOOP_182_2:   [xilinx-label-all-loops]
    for (int i1 = 0; i1 < 256; i1 += 1) {
    ^~~
    VITIS_LOOP_182_2: 
/home/ubuntu/CS133_Lab4/cnn.prj/solution/.autopilot/db/cnn.pp.0.cpp:26923:5: note: FIX-IT applied suggested code changes
/home/ubuntu/CS133_Lab4/cnn.prj/solution/.autopilot/db/cnn.pp.0.cpp:26924:7: warning: Added loop label VITIS_LOOP_183_3:   [xilinx-label-all-loops]
      for (int i2 = 0; i2 < 5; i2 += 1) {
      ^~~
      VITIS_LOOP_183_3: 
/home/ubuntu/CS133_Lab4/cnn.prj/solution/.autopilot/db/cnn.pp.0.cpp:26924:7: note: FIX-IT applied suggested code changes
/home/ubuntu/CS133_Lab4/cnn.prj/solution/.autopilot/db/cnn.pp.0.cpp:26925:9: warning: Added loop label VITIS_LOOP_184_4:   [xilinx-label-all-loops]
        for (int i3 = 0; i3 < 5; i3 += 1) {
        ^~~
        VITIS_LOOP_184_4: 
/home/ubuntu/CS133_Lab4/cnn.prj/solution/.autopilot/db/cnn.pp.0.cpp:26925:9: note: FIX-IT applied suggested code changes
/home/ubuntu/CS133_Lab4/cnn.prj/solution/.autopilot/db/cnn.pp.0.cpp:26963:2: warning: Added loop label VITIS_LOOP_235_1:   [xilinx-label-all-loops]
 for (int i0 = 0; i0 < 16; i0 += 1) {
 ^~~
 VITIS_LOOP_235_1: 
/home/ubuntu/CS133_Lab4/cnn.prj/solution/.autopilot/db/cnn.pp.0.cpp:26963:2: note: FIX-IT applied suggested code changes
/home/ubuntu/CS133_Lab4/cnn.prj/solution/.autopilot/db/cnn.pp.0.cpp:26964:5: warning: Added loop label VITIS_LOOP_236_2:   [xilinx-label-all-loops]
    for (int i1 = 0; i1 < 224; i1 += 1) {
    ^~~
    VITIS_LOOP_236_2: 
/home/ubuntu/CS133_Lab4/cnn.prj/solution/.autopilot/db/cnn.pp.0.cpp:26964:5: note: FIX-IT applied suggested code changes
/home/ubuntu/CS133_Lab4/cnn.prj/solution/.autopilot/db/cnn.pp.0.cpp:26965:7: warning: Added loop label VITIS_LOOP_237_3:   [xilinx-label-all-loops]
      for (int i2 = 0; i2 < 224; i2 += 16) {
      ^~~
      VITIS_LOOP_237_3: 
/home/ubuntu/CS133_Lab4/cnn.prj/solution/.autopilot/db/cnn.pp.0.cpp:26965:7: note: FIX-IT applied suggested code changes
/home/ubuntu/CS133_Lab4/cnn.prj/solution/.autopilot/db/cnn.pp.0.cpp:27009:3: warning: Added loop label VITIS_LOOP_293_1:   [xilinx-label-all-loops]
  for (int i0 = 0; i0 < 16; i0++) {
  ^~~
  VITIS_LOOP_293_1: 
/home/ubuntu/CS133_Lab4/cnn.prj/solution/.autopilot/db/cnn.pp.0.cpp:27009:3: note: FIX-IT applied suggested code changes
/home/ubuntu/CS133_Lab4/cnn.prj/solution/.autopilot/db/cnn.pp.0.cpp:27024:5: warning: Added loop label VITIS_LOOP_308_2:   [xilinx-label-all-loops]
    for (int j = 0; j < 256; j++) {
    ^~~
    VITIS_LOOP_308_2: 
/home/ubuntu/CS133_Lab4/cnn.prj/solution/.autopilot/db/cnn.pp.0.cpp:27024:5: note: FIX-IT applied suggested code changes
/home/ubuntu/CS133_Lab4/cnn.prj/solution/.autopilot/db/cnn.pp.0.cpp:27033:7: warning: Added loop label VITIS_LOOP_317_3:   [xilinx-label-all-loops]
      for (int i1 = 0; i1 < 16; i1++) {
      ^~~
      VITIS_LOOP_317_3: 
/home/ubuntu/CS133_Lab4/cnn.prj/solution/.autopilot/db/cnn.pp.0.cpp:27033:7: note: FIX-IT applied suggested code changes
/home/ubuntu/CS133_Lab4/cnn.prj/solution/.autopilot/db/cnn.pp.0.cpp:27035:9: warning: Added loop label VITIS_LOOP_319_4:   [xilinx-label-all-loops]
        for (int h0 = 0; h0 < 224/4; h0++) {
        ^~~
        VITIS_LOOP_319_4: 
/home/ubuntu/CS133_Lab4/cnn.prj/solution/.autopilot/db/cnn.pp.0.cpp:27035:9: note: FIX-IT applied suggested code changes
/home/ubuntu/CS133_Lab4/cnn.prj/solution/.autopilot/db/cnn.pp.0.cpp:27036:13: warning: Added loop label VITIS_LOOP_320_5:   [xilinx-label-all-loops]
            for (int w0 = 0; w0 < 224/8; w0++) {
            ^~~
            VITIS_LOOP_320_5: 
/home/ubuntu/CS133_Lab4/cnn.prj/solution/.autopilot/db/cnn.pp.0.cpp:27036:13: note: FIX-IT applied suggested code changes
/home/ubuntu/CS133_Lab4/cnn.prj/solution/.autopilot/db/cnn.pp.0.cpp:27038:2: warning: Added loop label VITIS_LOOP_322_6:   [xilinx-label-all-loops]
 for(int h1 = 0; h1 < 4; h1++){
 ^~~
 VITIS_LOOP_322_6: 
/home/ubuntu/CS133_Lab4/cnn.prj/solution/.autopilot/db/cnn.pp.0.cpp:27038:2: note: FIX-IT applied suggested code changes
/home/ubuntu/CS133_Lab4/cnn.prj/solution/.autopilot/db/cnn.pp.0.cpp:27040:2: warning: Added loop label VITIS_LOOP_324_7:   [xilinx-label-all-loops]
 for(int w1 = 0; w1 < 8; w1++){
 ^~~
 VITIS_LOOP_324_7: 
/home/ubuntu/CS133_Lab4/cnn.prj/solution/.autopilot/db/cnn.pp.0.cpp:27040:2: note: FIX-IT applied suggested code changes
/home/ubuntu/CS133_Lab4/cnn.prj/solution/.autopilot/db/cnn.pp.0.cpp:27042:2: warning: Added loop label VITIS_LOOP_326_8:   [xilinx-label-all-loops]
 for (int p = 0; p < 5; p++) {
 ^~~
 VITIS_LOOP_326_8: 
/home/ubuntu/CS133_Lab4/cnn.prj/solution/.autopilot/db/cnn.pp.0.cpp:27042:2: note: FIX-IT applied suggested code changes
/home/ubuntu/CS133_Lab4/cnn.prj/solution/.autopilot/db/cnn.pp.0.cpp:27044:2: warning: Added loop label VITIS_LOOP_328_9:   [xilinx-label-all-loops]
 for (int q = 0; q < 5; q++) {
 ^~~
 VITIS_LOOP_328_9: 
/home/ubuntu/CS133_Lab4/cnn.prj/solution/.autopilot/db/cnn.pp.0.cpp:27044:2: note: FIX-IT applied suggested code changes
/home/ubuntu/CS133_Lab4/cnn.prj/solution/.autopilot/db/cnn.pp.0.cpp:27075:69: warning:  hls::vector type top function variable vinput requires aggregation [xilinx-aggregate-on-hls-vector]
__attribute__((sdx_kernel("kernel_cnn", 0))) void kernel_cnn(float4 vinput[3326976], float1 vweight[1638400],
                                                                    ^
/home/ubuntu/CS133_Lab4/cnn.prj/solution/.autopilot/db/cnn.pp.0.cpp:27076:43: note: FIX-IT applied suggested code changes
                float16 voutput[802816]) {
                                          ^
/home/ubuntu/CS133_Lab4/cnn.prj/solution/.autopilot/db/cnn.pp.0.cpp:27075:69: warning:  hls::vector type top function variable vinput requires align attribute [xilinx-aggregate-on-hls-vector]
__attribute__((sdx_kernel("kernel_cnn", 0))) void kernel_cnn(float4 vinput[3326976], float1 vweight[1638400],
                                                                    ^              ~
                                                                                    __attribute__((align_value(alignof(float4)))) 
/home/ubuntu/CS133_Lab4/cnn.prj/solution/.autopilot/db/cnn.pp.0.cpp:27075:84: note: FIX-IT applied suggested code changes
__attribute__((sdx_kernel("kernel_cnn", 0))) void kernel_cnn(float4 vinput[3326976], float1 vweight[1638400],
                                                                                   ^
/home/ubuntu/CS133_Lab4/cnn.prj/solution/.autopilot/db/cnn.pp.0.cpp:27075:93: warning:  hls::vector type top function variable vweight requires aggregation [xilinx-aggregate-on-hls-vector]
__attribute__((sdx_kernel("kernel_cnn", 0))) void kernel_cnn(float4 vinput[3326976], float1 vweight[1638400],
                                                                                            ^
/home/ubuntu/CS133_Lab4/cnn.prj/solution/.autopilot/db/cnn.pp.0.cpp:27076:43: note: FIX-IT applied suggested code changes
                float16 voutput[802816]) {
                                          ^
/home/ubuntu/CS133_Lab4/cnn.prj/solution/.autopilot/db/cnn.pp.0.cpp:27075:93: warning:  hls::vector type top function variable vweight requires align attribute [xilinx-aggregate-on-hls-vector]
__attribute__((sdx_kernel("kernel_cnn", 0))) void kernel_cnn(float4 vinput[3326976], float1 vweight[1638400],
                                                                                            ^               ~
                                                                                                             __attribute__((align_value(alignof(float1)))) 
/home/ubuntu/CS133_Lab4/cnn.prj/solution/.autopilot/db/cnn.pp.0.cpp:27075:109: note: FIX-IT applied suggested code changes
__attribute__((sdx_kernel("kernel_cnn", 0))) void kernel_cnn(float4 vinput[3326976], float1 vweight[1638400],
                                                                                                            ^
/home/ubuntu/CS133_Lab4/cnn.prj/solution/.autopilot/db/cnn.pp.0.cpp:27076:25: warning:  hls::vector type top function variable voutput requires aggregation [xilinx-aggregate-on-hls-vector]
                float16 voutput[802816]) {
                        ^
/home/ubuntu/CS133_Lab4/cnn.prj/solution/.autopilot/db/cnn.pp.0.cpp:27076:43: note: FIX-IT applied suggested code changes
                float16 voutput[802816]) {
                                          ^
/home/ubuntu/CS133_Lab4/cnn.prj/solution/.autopilot/db/cnn.pp.0.cpp:27076:25: warning:  hls::vector type top function variable voutput requires align attribute [xilinx-aggregate-on-hls-vector]
                float16 voutput[802816]) {
                        ^              ~
                                        __attribute__((align_value(alignof(float16)))) 
/home/ubuntu/CS133_Lab4/cnn.prj/solution/.autopilot/db/cnn.pp.0.cpp:27076:40: note: FIX-IT applied suggested code changes
                float16 voutput[802816]) {
                                       ^
